<?xml version="1.0" encoding="UTF-8"?>
<!-- Generated by org.testng.reporters.JUnitReportReporter -->
<testsuite skipped="0" hostname="DESKTOP-0JEVNSK" name="localhost.testing.RestTest" tests="1" failures="0" timestamp="17 Oct 2017 17:51:53 GMT" time="1.380" errors="0">
  <testcase name="GetConfig" time="1.380" classname="localhost.testing.RestTest"/>
</testsuite> <!-- localhost.testing.RestTest -->
