<?xml version="1.0" encoding="UTF-8"?>
<!-- Generated by org.testng.reporters.JUnitReportReporter -->
<testsuite skipped="0" hostname="DESKTOP-0JEVNSK" name="localhost.testing.MultiOutputs" tests="4" failures="0" timestamp="04 Dec 2017 23:11:51 GMT" time="16.743" errors="0">
  <testcase name="addWiredFixtures" time="7.273" classname="localhost.testing.MultiOutputs"/>
  <testcase name="checkAllFixtures" time="3.393" classname="localhost.testing.MultiOutputs"/>
  <testcase name="changeFixtureIcon" time="3.084" classname="localhost.testing.MultiOutputs"/>
  <testcase name="deleteAllFixtures" time="2.993" classname="localhost.testing.MultiOutputs"/>
</testsuite> <!-- localhost.testing.MultiOutputs -->
