<?xml version="1.0" encoding="UTF-8"?>
<!-- Generated by org.testng.reporters.JUnitReportReporter -->
<testsuite skipped="0" hostname="DESKTOP-0JEVNSK" name="localhost.testing.CreateGroups" tests="4" failures="0" timestamp="04 Dec 2017 23:07:40 GMT" time="27.575" errors="0">
  <testcase name="addWiredFixtures" time="6.476" classname="localhost.testing.CreateGroups"/>
  <testcase name="createAllGroups" time="9.684" classname="localhost.testing.CreateGroups"/>
  <testcase name="clearAllGroups" time="6.129" classname="localhost.testing.CreateGroups"/>
  <testcase name="deleteAllFixtures" time="5.286" classname="localhost.testing.CreateGroups"/>
</testsuite> <!-- localhost.testing.CreateGroups -->
