<?xml version="1.0" encoding="UTF-8"?>
<!-- Generated by org.testng.reporters.JUnitReportReporter -->
<testsuite skipped="0" hostname="DESKTOP-0JEVNSK" name="localhost.testing.BasicNavigation" tests="6" failures="0" timestamp="04 Dec 2017 23:06:58 GMT" time="11.389" errors="0">
  <testcase name="statusLinks" time="3.242" classname="localhost.testing.BasicNavigation"/>
  <testcase name="configurationLinks" time="2.993" classname="localhost.testing.BasicNavigation"/>
  <testcase name="overrideLinks" time="2.077" classname="localhost.testing.BasicNavigation"/>
  <testcase name="scheduleLinks" time="1.483" classname="localhost.testing.BasicNavigation"/>
  <testcase name="groupsLinks" time="0.984" classname="localhost.testing.BasicNavigation"/>
  <testcase name="scenelistsLinks" time="0.610" classname="localhost.testing.BasicNavigation"/>
</testsuite> <!-- localhost.testing.BasicNavigation -->
