<?xml version="1.0" encoding="UTF-8"?>
<!-- Generated by org.testng.reporters.JUnitReportReporter -->
<testsuite skipped="0" hostname="DESKTOP-0JEVNSK" name="localhost.testing.CreateSchedule" tests="1" failures="0" timestamp="05 Dec 2017 19:20:30 GMT" time="7.738" errors="0">
  <testcase name="deleteItems" time="7.738" classname="localhost.testing.CreateSchedule"/>
</testsuite> <!-- localhost.testing.CreateSchedule -->
