<?xml version="1.0" encoding="UTF-8"?>
<!-- Generated by org.testng.reporters.JUnitReportReporter -->
<testsuite skipped="0" hostname="DESKTOP-0JEVNSK" name="localhost.testing.MaxOutputs" tests="6" failures="0" timestamp="05 Dec 2017 19:07:26 GMT" time="30.236" errors="0">
  <testcase name="addWirelessDevices" time="3.316" classname="localhost.testing.MaxOutputs"/>
  <testcase name="addWiredFixtures" time="3.870" classname="localhost.testing.MaxOutputs"/>
  <testcase name="addWirelessFixtures" time="5.384" classname="localhost.testing.MaxOutputs"/>
  <testcase name="checkOutputs" time="2.080" classname="localhost.testing.MaxOutputs"/>
  <testcase name="deleteAllFixtures" time="12.067" classname="localhost.testing.MaxOutputs"/>
  <testcase name="deleteAllDevices" time="3.519" classname="localhost.testing.MaxOutputs"/>
</testsuite> <!-- localhost.testing.MaxOutputs -->
