<?xml version="1.0" encoding="UTF-8"?>
<!-- Generated by org.testng.reporters.JUnitReportReporter -->
<testsuite skipped="0" hostname="DESKTOP-0JEVNSK" name="localhost.testing.WallStation" tests="9" failures="0" timestamp="04 Dec 2017 23:12:37 GMT" time="32.870" errors="0">
  <testcase name="addWiredFixtures" time="1.872" classname="localhost.testing.WallStation"/>
  <testcase name="createAllScenes" time="9.002" classname="localhost.testing.WallStation"/>
  <testcase name="createAllGroups" time="3.583" classname="localhost.testing.WallStation"/>
  <testcase name="checkScenes" time="1.512" classname="localhost.testing.WallStation"/>
  <testcase name="checkGroups" time="2.637" classname="localhost.testing.WallStation"/>
  <testcase name="checkFixtures" time="3.902" classname="localhost.testing.WallStation"/>
  <testcase name="deleteAllFixtures" time="2.812" classname="localhost.testing.WallStation"/>
  <testcase name="clearAllScenes" time="5.033" classname="localhost.testing.WallStation"/>
  <testcase name="clearAllGroups" time="2.517" classname="localhost.testing.WallStation"/>
</testsuite> <!-- localhost.testing.WallStation -->
