<?xml version="1.0" encoding="UTF-8"?>
<!-- Generated by org.testng.reporters.JUnitReportReporter -->
<testsuite skipped="0" hostname="DESKTOP-0JEVNSK" name="localhost.testing.BasicNavigation" tests="6" failures="0" timestamp="30 May 2017 20:21:06 GMT" time="17.473" errors="0">
  <testcase name="statusLinks" time="4.311" classname="localhost.testing.BasicNavigation"/>
  <testcase name="configurationLinks" time="5.007" classname="localhost.testing.BasicNavigation"/>
  <testcase name="overrideLinks" time="3.469" classname="localhost.testing.BasicNavigation"/>
  <testcase name="scheduleLinks" time="2.332" classname="localhost.testing.BasicNavigation"/>
  <testcase name="groupsLinks" time="1.420" classname="localhost.testing.BasicNavigation"/>
  <testcase name="scenelistsLinks" time="0.934" classname="localhost.testing.BasicNavigation"/>
</testsuite> <!-- localhost.testing.BasicNavigation -->
