<?xml version="1.0" encoding="UTF-8"?>
<!-- Generated by org.testng.reporters.JUnitReportReporter -->
<testsuite skipped="0" hostname="DESKTOP-0JEVNSK" name="localhost.testing.MaxIO" tests="5" failures="0" timestamp="08 Jun 2017 22:07:24 GMT" time="23.841" errors="0">
  <testcase name="addWirelessDevices" time="3.523" classname="localhost.testing.MaxIO"/>
  <testcase name="addWiredFixtures" time="3.871" classname="localhost.testing.MaxIO"/>
  <testcase name="addWirelessFixtures" time="5.131" classname="localhost.testing.MaxIO"/>
  <testcase name="deleteAllFixtures" time="9.099" classname="localhost.testing.MaxIO"/>
  <testcase name="deleteAllDevices" time="2.217" classname="localhost.testing.MaxIO"/>
</testsuite> <!-- localhost.testing.MaxIO -->
