<?xml version="1.0" encoding="UTF-8"?>
<!-- Generated by org.testng.reporters.JUnitReportReporter -->
<testsuite skipped="0" hostname="DESKTOP-0JEVNSK" name="localhost.testing.ErrorValidation" tests="10" failures="0" timestamp="05 Dec 2017 19:02:45 GMT" time="34.155" errors="0">
  <testcase name="siteZip" time="3.386" classname="localhost.testing.ErrorValidation"/>
  <testcase name="siteLat" time="2.918" classname="localhost.testing.ErrorValidation"/>
  <testcase name="siteLong" time="2.966" classname="localhost.testing.ErrorValidation"/>
  <testcase name="nodeName" time="3.196" classname="localhost.testing.ErrorValidation"/>
  <testcase name="fixtureName" time="2.856" classname="localhost.testing.ErrorValidation"/>
  <testcase name="contactinputName" time="2.983" classname="localhost.testing.ErrorValidation"/>
  <testcase name="levelinputName" time="2.981" classname="localhost.testing.ErrorValidation"/>
  <testcase name="sceneName" time="3.494" classname="localhost.testing.ErrorValidation"/>
  <testcase name="groupName" time="4.743" classname="localhost.testing.ErrorValidation"/>
  <testcase name="scenelistName" time="4.632" classname="localhost.testing.ErrorValidation"/>
</testsuite> <!-- localhost.testing.ErrorValidation -->
