<?xml version="1.0" encoding="UTF-8"?>
<!-- Generated by org.testng.reporters.JUnitReportReporter -->
<testsuite skipped="0" hostname="DESKTOP-0JEVNSK" name="localhost.testing.LinkValidation" tests="7" failures="0" timestamp="03 Nov 2017 16:44:35 GMT" time="3.745" errors="0">
  <testcase name="statusLinks" time="0.605" classname="localhost.testing.LinkValidation"/>
  <testcase name="configLinks" time="0.912" classname="localhost.testing.LinkValidation"/>
  <testcase name="overrideLinks" time="0.632" classname="localhost.testing.LinkValidation"/>
  <testcase name="scheduleLinks" time="0.510" classname="localhost.testing.LinkValidation"/>
  <testcase name="groupsLinks" time="0.332" classname="localhost.testing.LinkValidation"/>
  <testcase name="scenelistsLinks" time="0.347" classname="localhost.testing.LinkValidation"/>
  <testcase name="historyLinks" time="0.407" classname="localhost.testing.LinkValidation"/>
</testsuite> <!-- localhost.testing.LinkValidation -->
