<?xml version="1.0" encoding="UTF-8"?>
<!-- Generated by org.testng.reporters.JUnitReportReporter -->
<testsuite skipped="0" hostname="DESKTOP-0JEVNSK" name="localhost.testing.CreateScenes" tests="4" failures="0" timestamp="04 Dec 2017 23:08:23 GMT" time="31.488" errors="0">
  <testcase name="addWiredFixtures" time="6.516" classname="localhost.testing.CreateScenes"/>
  <testcase name="createAllScenes" time="13.832" classname="localhost.testing.CreateScenes"/>
  <testcase name="clearAllScenes" time="5.872" classname="localhost.testing.CreateScenes"/>
  <testcase name="deleteAllFixtures" time="5.268" classname="localhost.testing.CreateScenes"/>
</testsuite> <!-- localhost.testing.CreateScenes -->
