<?xml version="1.0" encoding="UTF-8"?>
<!-- Generated by org.testng.reporters.JUnitReportReporter -->
<testsuite name="localhost.testing.LinkValidation" tests="7" time="4.516" ignored="0" failures="0" timestamp="01 Nov 2017 21:54:22 GMT" skipped="0" hostname="DESKTOP-0JEVNSK" errors="0">
  <testcase name="historyLinks" time="0.508" classname="localhost.testing.LinkValidation"/>
  <testcase name="scenelistsLinks" time="0.462" classname="localhost.testing.LinkValidation"/>
  <testcase name="configLinks" time="1.319" classname="localhost.testing.LinkValidation"/>
  <testcase name="groupsLinks" time="0.397" classname="localhost.testing.LinkValidation"/>
  <testcase name="scheduleLinks" time="0.682" classname="localhost.testing.LinkValidation"/>
  <testcase name="overrideLinks" time="0.847" classname="localhost.testing.LinkValidation"/>
  <testcase name="statusLinks" time="0.301" classname="localhost.testing.LinkValidation"/>
</testsuite> <!-- localhost.testing.LinkValidation -->
