<?xml version="1.0" encoding="UTF-8"?>
<!-- Generated by org.testng.reporters.JUnitReportReporter -->
<testsuite name="localhost.testing.BasicNavigation" tests="6" time="18.278" ignored="0" failures="0" timestamp="30 May 2017 20:46:45 GMT" skipped="0" hostname="DESKTOP-0JEVNSK" errors="0">
  <testcase name="statusLinks" time="4.570" classname="localhost.testing.BasicNavigation"/>
  <testcase name="configurationLinks" time="5.391" classname="localhost.testing.BasicNavigation"/>
  <testcase name="overrideLinks" time="3.475" classname="localhost.testing.BasicNavigation"/>
  <testcase name="scenelistsLinks" time="0.909" classname="localhost.testing.BasicNavigation"/>
  <testcase name="groupsLinks" time="1.463" classname="localhost.testing.BasicNavigation"/>
  <testcase name="scheduleLinks" time="2.470" classname="localhost.testing.BasicNavigation"/>
</testsuite> <!-- localhost.testing.BasicNavigation -->
