<?xml version="1.0" encoding="UTF-8"?>
<!-- Generated by org.testng.reporters.JUnitReportReporter -->
<testsuite name="localhost.testing.MaxIO" tests="4" time="23.868" ignored="0" failures="0" timestamp="08 Jun 2017 21:52:37 GMT" skipped="0" hostname="DESKTOP-0JEVNSK" errors="0">
  <testcase name="addWiredFixtures" time="4.166" classname="localhost.testing.MaxIO"/>
  <testcase name="addWirelessDevices" time="2.239" classname="localhost.testing.MaxIO"/>
  <testcase name="addWirelessFixtures" time="5.710" classname="localhost.testing.MaxIO"/>
  <testcase name="deleteAllFixtures" time="11.753" classname="localhost.testing.MaxIO"/>
</testsuite> <!-- localhost.testing.MaxIO -->
